<?xml version="1.0" encoding="UTF-8"?>
<testsuite xmlns:xsi="http://www.w3.org/2001/XMLSchema-instance" xsi:noNamespaceSchemaLocation="https://maven.apache.org/surefire/maven-surefire-plugin/xsd/surefire-test-report-3.0.xsd" version="3.0" name="web.mvc.SpringSecurityJwtApplicationTests" time="9.77" tests="2" errors="0" skipped="0" failures="0">
  <properties>
[...]
</properties>
  <testcase name="boardInsert" classname="web.mvc.SpringSecurityJwtApplicationTests" time="1.064">
    <system-out><![CDATA[15:39:31.069 [main] INFO org.springframework.test.context.support.AnnotationConfigContextLoaderUtils -- Could not detect default configuration classes for test class [web.mvc.SpringSecurityJwtApplicationTests]: SpringSecurityJwtApplicationTests does not declare any static, non-private, non-final, nested classes annotated with @Configuration.
15:39:31.260 [main] INFO org.springframework.boot.test.context.SpringBootTestContextBootstrapper -- Found @SpringBootConfiguration web.mvc.Step03SecurityJwtApplication for test class web.mvc.SpringSecurityJwtApplicationTests
15:39:31.553 [main] INFO org.springframework.boot.devtools.restart.RestartApplicationListener -- Restart disabled due to context in which it is running
  .   ____          _            __ _ _
 /\\ / ___'_ __ _ _(_)_ __  __ _ \ \ \ \
( ( )\___ | '_ | '_| | '_ \/ _` | \ \ \ \
 \\/  ___)| |_)| | | | | || (_| |  ) ) ) )
  '  |____| .__|_| |_|_| |_\__, | / / / /
 =========|_|==============|___/=/_/_/_/

 :: Spring Boot ::                (v3.3.0)

2026-06-01T15:39:31.987+09:00  INFO 17472 --- [step03_Security_JWT] [           main] w.mvc.SpringSecurityJwtApplicationTests  : Starting SpringSecurityJwtApplicationTests using Java 21.0.10 with PID 17472 (started by kosta in C:\Edu\CI_CD_GitActions\work\back_security_final)
2026-06-01T15:39:31.989+09:00  INFO 17472 --- [step03_Security_JWT] [           main] w.mvc.SpringSecurityJwtApplicationTests  : The following 1 profile is active: "dev"
2026-06-01T15:39:33.162+09:00  INFO 17472 --- [step03_Security_JWT] [           main] .s.d.r.c.RepositoryConfigurationDelegate : Bootstrapping Spring Data JPA repositories in DEFAULT mode.
2026-06-01T15:39:33.281+09:00  INFO 17472 --- [step03_Security_JWT] [           main] .s.d.r.c.RepositoryConfigurationDelegate : Finished Spring Data repository scanning in 106 ms. Found 2 JPA repository interfaces.
2026-06-01T15:39:34.122+09:00  INFO 17472 --- [step03_Security_JWT] [           main] o.hibernate.jpa.internal.util.LogHelper  : HHH000204: Processing PersistenceUnitInfo [name: default]
2026-06-01T15:39:34.248+09:00  INFO 17472 --- [step03_Security_JWT] [           main] org.hibernate.Version                    : HHH000412: Hibernate ORM core version 6.5.2.Final
2026-06-01T15:39:34.317+09:00  INFO 17472 --- [step03_Security_JWT] [           main] o.h.c.internal.RegionFactoryInitiator    : HHH000026: Second-level cache disabled
2026-06-01T15:39:34.920+09:00  INFO 17472 --- [step03_Security_JWT] [           main] o.s.o.j.p.SpringPersistenceUnitInfo      : No LoadTimeWeaver setup: ignoring JPA class transformer
2026-06-01T15:39:34.959+09:00  INFO 17472 --- [step03_Security_JWT] [           main] com.zaxxer.hikari.HikariDataSource       : HikariPool-1 - Starting...
2026-06-01T15:39:35.494+09:00  INFO 17472 --- [step03_Security_JWT] [           main] com.zaxxer.hikari.pool.HikariPool        : HikariPool-1 - Added connection com.mysql.cj.jdbc.ConnectionImpl@4571cebe
2026-06-01T15:39:35.497+09:00  INFO 17472 --- [step03_Security_JWT] [           main] com.zaxxer.hikari.HikariDataSource       : HikariPool-1 - Start completed.
2026-06-01T15:39:35.568+09:00  WARN 17472 --- [step03_Security_JWT] [           main] org.hibernate.orm.deprecation            : HHH90000025: MySQL8Dialect does not need to be specified explicitly using 'hibernate.dialect' (remove the property setting and it will be selected by default)
2026-06-01T15:39:35.570+09:00  WARN 17472 --- [step03_Security_JWT] [           main] org.hibernate.orm.deprecation            : HHH90000026: MySQL8Dialect has been deprecated; use org.hibernate.dialect.MySQLDialect instead
2026-06-01T15:39:36.798+09:00  INFO 17472 --- [step03_Security_JWT] [           main] o.h.e.t.j.p.i.JtaPlatformInitiator       : HHH000489: No JTA platform available (set 'hibernate.transaction.jta.platform' to enable JTA platform integration)
Hibernate: 
    alter table board 
       drop 
       foreign key FKbuilrr84cdwl9mlya721oe7jp
Hibernate: 
    drop table if exists board
Hibernate: 
    drop table if exists member
Hibernate: 
    create table board (
        id bigint not null auto_increment,
        member_no bigint,
        reg_date datetime(6),
        update_date datetime(6),
        content varchar(100),
        title varchar(255),
        primary key (id)
    ) engine=InnoDB
Hibernate: 
    create table member (
        member_no bigint not null auto_increment,
        reg_date datetime(6),
        name varchar(20),
        address varchar(255),
        id varchar(255),
        pwd varchar(255),
        role varchar(255),
        primary key (member_no)
    ) engine=InnoDB
Hibernate: 
    alter table member 
       add constraint UKjp8ds32yg1soswx2rkiagm768 unique (id)
Hibernate: 
    alter table board 
       add constraint FKbuilrr84cdwl9mlya721oe7jp 
       foreign key (member_no) 
       references member (member_no)
2026-06-01T15:39:37.096+09:00  INFO 17472 --- [step03_Security_JWT] [           main] j.LocalContainerEntityManagerFactoryBean : Initialized JPA EntityManagerFactory for persistence unit 'default'
2026-06-01T15:39:37.468+09:00  INFO 17472 --- [step03_Security_JWT] [           main] o.s.d.j.r.query.QueryEnhancerFactory     : Hibernate is in classpath; If applicable, HQL parser will be used.
2026-06-01T15:39:38.233+09:00  INFO 17472 --- [step03_Security_JWT] [           main] web.mvc.config.SecurityConfig            : bCryptPasswordEncoder call.....
2026-06-01T15:39:38.281+09:00  WARN 17472 --- [step03_Security_JWT] [           main] JpaBaseConfiguration$JpaWebConfiguration : spring.jpa.open-in-view is enabled by default. Therefore, database queries may be performed during view rendering. Explicitly configure spring.jpa.open-in-view to disable this warning
2026-06-01T15:39:38.315+09:00  INFO 17472 --- [step03_Security_JWT] [           main] r$InitializeUserDetailsManagerConfigurer : Global AuthenticationManager configured with UserDetailsService bean with name customMemberDetailsService
2026-06-01T15:39:38.670+09:00  INFO 17472 --- [step03_Security_JWT] [           main] web.mvc.config.SecurityConfig            : SecurityFilterChain filterChain(HttpSecurity http) call.....
2026-06-01T15:39:38.736+09:00  INFO 17472 --- [step03_Security_JWT] [           main] o.s.s.web.DefaultSecurityFilterChain     : Will secure any request with [org.springframework.security.web.session.DisableEncodeUrlFilter@79224636, org.springframework.security.web.context.request.async.WebAsyncManagerIntegrationFilter@35307365, org.springframework.security.web.context.SecurityContextHolderFilter@592efd6, org.springframework.security.web.header.HeaderWriterFilter@35e7cdb2, org.springframework.web.filter.CorsFilter@15d04c41, org.springframework.security.web.authentication.logout.LogoutFilter@423e35f0, web.mvc.jwt.JWTFilter@2968d3c0, web.mvc.jwt.LoginFilter@4290332d, org.springframework.security.web.savedrequest.RequestCacheAwareFilter@6149adee, org.springframework.security.web.servletapi.SecurityContextHolderAwareRequestFilter@24c8bc1e, org.springframework.security.web.authentication.AnonymousAuthenticationFilter@740ddb41, org.springframework.security.web.session.SessionManagementFilter@428e875f, org.springframework.security.web.access.ExceptionTranslationFilter@71ed3bc8, org.springframework.security.web.access.intercept.AuthorizationFilter@3f3e6c03]
2026-06-01T15:39:39.310+09:00  INFO 17472 --- [step03_Security_JWT] [           main] w.mvc.SpringSecurityJwtApplicationTests  : Started SpringSecurityJwtApplicationTests in 7.78 seconds (process running for 9.584)
Hibernate: 
    select
        m1_0.member_no 
    from
        member m1_0 
    where
        m1_0.id=? 
    limit
        ?
Hibernate: 
    insert 
    into
        member
        (address, id, name, pwd, reg_date, role) 
    values
        (?, ?, ?, ?, ?, ?)
Hibernate: 
    insert 
    into
        board
        (content, member_no, reg_date, title, update_date) 
    values
        (?, ?, ?, ?, ?)
Hibernate: 
    insert 
    into
        board
        (content, member_no, reg_date, title, update_date) 
    values
        (?, ?, ?, ?, ?)
]]></system-out>
    <system-err><![CDATA[WARNING: A Java agent has been loaded dynamically (C:\Users\kosta\.m2\repository\net\bytebuddy\byte-buddy-agent\1.14.16\byte-buddy-agent-1.14.16.jar)
WARNING: If a serviceability tool is in use, please run with -XX:+EnableDynamicAgentLoading to hide this warning
WARNING: If a serviceability tool is not in use, please run with -Djdk.instrument.traceUsage for more information
WARNING: Dynamic loading of agents will be disallowed by default in a future release
]]></system-err>
  </testcase>
  <testcase name="memberInsert" classname="web.mvc.SpringSecurityJwtApplicationTests" time="0.123">
    <system-out><![CDATA[Hibernate: 
    select
        m1_0.member_no 
    from
        member m1_0 
    where
        m1_0.id=? 
    limit
        ?
Hibernate: 
    insert 
    into
        member
        (address, id, name, pwd, reg_date, role) 
    values
        (?, ?, ?, ?, ?, ?)
]]></system-out>
  </testcase>
</testsuite>